  solution.cpp
c:\users\407\source\repos\190919_problem02\solution.cpp(34): error C2065: 'kookmin': 선언되지 않은 식별자입니다.
c:\users\407\source\repos\190919_problem02\solution.cpp(34): error C2228: '.saving' 왼쪽에는 클래스/구조체/공용 구조체가 있어야 합니다.
  c:\users\407\source\repos\190919_problem02\solution.cpp(34): note: 'unknown-type' 형식입니다.
c:\users\407\source\repos\190919_problem02\solution.cpp(43): error C2065: 'hana': 선언되지 않은 식별자입니다.
c:\users\407\source\repos\190919_problem02\solution.cpp(43): error C2228: '.saving' 왼쪽에는 클래스/구조체/공용 구조체가 있어야 합니다.
  c:\users\407\source\repos\190919_problem02\solution.cpp(43): note: 'unknown-type' 형식입니다.
c:\users\407\source\repos\190919_problem02\solution.cpp(52): error C2065: 'shinhan': 선언되지 않은 식별자입니다.
c:\users\407\source\repos\190919_problem02\solution.cpp(52): error C2228: '.saving' 왼쪽에는 클래스/구조체/공용 구조체가 있어야 합니다.
  c:\users\407\source\repos\190919_problem02\solution.cpp(52): note: 'unknown-type' 형식입니다.
c:\users\407\source\repos\190919_problem02\solution.cpp(71): error C2065: 'kookmin': 선언되지 않은 식별자입니다.
c:\users\407\source\repos\190919_problem02\solution.cpp(71): error C2228: '.lend' 왼쪽에는 클래스/구조체/공용 구조체가 있어야 합니다.
  c:\users\407\source\repos\190919_problem02\solution.cpp(71): note: 'unknown-type' 형식입니다.
c:\users\407\source\repos\190919_problem02\solution.cpp(80): error C2065: 'hana': 선언되지 않은 식별자입니다.
c:\users\407\source\repos\190919_problem02\solution.cpp(80): error C2228: '.lend' 왼쪽에는 클래스/구조체/공용 구조체가 있어야 합니다.
  c:\users\407\source\repos\190919_problem02\solution.cpp(80): note: 'unknown-type' 형식입니다.
c:\users\407\source\repos\190919_problem02\solution.cpp(89): error C2065: 'shinhan': 선언되지 않은 식별자입니다.
c:\users\407\source\repos\190919_problem02\solution.cpp(89): error C2228: '.lend' 왼쪽에는 클래스/구조체/공용 구조체가 있어야 합니다.
  c:\users\407\source\repos\190919_problem02\solution.cpp(89): note: 'unknown-type' 형식입니다.
c:\users\407\source\repos\190919_problem02\solution.cpp(101): warning C4326: 'main'의 반환 형식이 'int'이어야 하는데 'void'입니다.
