c:\users\jkjtl\source\repos\mousetracking\mousetracking\debug\mousetracking.pch
c:\users\jkjtl\source\repos\mousetracking\mousetracking\debug\vc142.pdb
c:\users\jkjtl\source\repos\mousetracking\mousetracking\debug\vc142.idb
c:\users\jkjtl\source\repos\mousetracking\mousetracking\debug\pch.obj
c:\users\jkjtl\source\repos\mousetracking\mousetracking\debug\mousetrackingdlg.obj
c:\users\jkjtl\source\repos\mousetracking\mousetracking\debug\mousetracking.obj
c:\users\jkjtl\source\repos\mousetracking\debug\mousetracking.ilk
c:\users\jkjtl\source\repos\mousetracking\debug\mousetracking.exe
c:\users\jkjtl\source\repos\mousetracking\debug\mousetracking.pdb
c:\users\jkjtl\source\repos\mousetracking\mousetracking\debug\mousetracking.res
c:\users\jkjtl\desktop\mousetracking\mousetracking\debug\mousetracking.obj
c:\users\jkjtl\desktop\mousetracking\mousetracking\debug\mousetrackingdlg.obj
c:\users\jkjtl\desktop\mousetracking\mousetracking\debug\pch.obj
c:\users\jkjtl\desktop\mousetracking\mousetracking\debug\mousetracking.res
c:\users\jkjtl\desktop\mousetracking\mousetracking\debug\mousetracking.pch
c:\users\jkjtl\desktop\mousetracking\mousetracking\debug\vc142.idb
c:\users\jkjtl\desktop\mousetracking\mousetracking\debug\vc142.pdb
c:\users\jkjtl\desktop\mousetracking\debug\mousetracking.pdb
c:\users\jkjtl\desktop\mousetracking\debug\mousetracking.exe
c:\users\jkjtl\desktop\mousetracking\debug\mousetracking.ilk
c:\users\jkjtl\desktop\mousetracking\mousetracking\debug\mousetracking.tlog\cl.command.1.tlog
c:\users\jkjtl\desktop\mousetracking\mousetracking\debug\mousetracking.tlog\cl.read.1.tlog
c:\users\jkjtl\desktop\mousetracking\mousetracking\debug\mousetracking.tlog\cl.write.1.tlog
c:\users\jkjtl\desktop\mousetracking\mousetracking\debug\mousetracking.tlog\link.command.1.tlog
c:\users\jkjtl\desktop\mousetracking\mousetracking\debug\mousetracking.tlog\link.read.1.tlog
c:\users\jkjtl\desktop\mousetracking\mousetracking\debug\mousetracking.tlog\link.write.1.tlog
c:\users\jkjtl\desktop\mousetracking\mousetracking\debug\mousetracking.tlog\rc.command.1.tlog
c:\users\jkjtl\desktop\mousetracking\mousetracking\debug\mousetracking.tlog\rc.read.1.tlog
c:\users\jkjtl\desktop\mousetracking\mousetracking\debug\mousetracking.tlog\rc.write.1.tlog
